2026-04-14 03:07:43,669 [INFO] 윈도우 리사이저 리스너 실행 중...
2026-04-14 03:07:43,669 [INFO] CLI 소켓 서버 시작됨 (127.0.0.1:9999)
2026-04-14 03:07:49,855 [INFO] [소켓 명령] 다음_디스플레이
2026-04-14 03:07:49,856 [INFO] --- [명령 실행: 다음_디스플레이] ---
2026-04-14 03:07:51,360 [INFO] [소켓 명령] 위쪽_절반
2026-04-14 03:07:51,360 [INFO] --- [명령 실행: 위쪽_절반] ---
2026-04-14 03:07:51,361 [INFO] 좌표 적용 시도: (5, 30, 2550, 654) [모드: 위쪽_절반]
2026-04-14 03:07:52,863 [INFO] [소켓 명령] 좌상단_1/4
2026-04-14 03:07:52,863 [INFO] --- [명령 실행: 좌상단_1/4] ---
2026-04-14 03:07:52,864 [INFO] 좌표 적용 시도: (5, 30, 1270, 654) [모드: 좌상단_1/4]
2026-04-14 03:07:54,370 [INFO] [소켓 명령] 우하단_1/4
2026-04-14 03:07:54,370 [INFO] --- [명령 실행: 우하단_1/4] ---
2026-04-14 03:07:54,371 [INFO] 좌표 적용 시도: (1285, 694, 1270, 654) [모드: 우하단_1/4]
2026-04-14 03:07:55,876 [INFO] [소켓 명령] 좌측_절반
2026-04-14 03:07:55,876 [INFO] --- [명령 실행: 좌측_절반] ---
2026-04-14 03:07:55,878 [INFO] 순환 체크 - 현재: (1285.0, 669.0, 1270.0, 654.0), 1/2기준: (5, 5, 1270, 1318), 1/3기준: (5, 5, 843, 1318)
2026-04-14 03:07:55,878 [INFO] 좌표 적용 시도: (5, 30, 1270, 1318) [모드: 좌측_절반]
2026-04-14 03:07:57,382 [INFO] [소켓 명령] 좌측_절반
2026-04-14 03:07:57,382 [INFO] --- [명령 실행: 좌측_절반] ---
2026-04-14 03:07:57,384 [INFO] 순환 체크 - 현재: (5.0, 5.0, 1270.0, 1318.0), 1/2기준: (5, 5, 1270, 1318), 1/3기준: (5, 5, 843, 1318)
2026-04-14 03:07:57,384 [INFO] 좌표 적용 시도: (5, 30, 843, 1318) [모드: 좌측_1/3]
2026-04-14 03:07:58,888 [INFO] [소켓 명령] 좌측_절반
2026-04-14 03:07:58,888 [INFO] --- [명령 실행: 좌측_절반] ---
2026-04-14 03:07:58,895 [INFO] 순환 체크 - 현재: (5.0, 5.0, 843.0, 1318.0), 1/2기준: (5, 5, 1270, 1318), 1/3기준: (5, 5, 843, 1318)
2026-04-14 03:07:58,895 [INFO] 좌표 적용 시도: (5, 30, 1696, 1318) [모드: 좌측_2/3]
2026-04-14 03:08:00,393 [INFO] [소켓 명령] 복구
2026-04-14 03:08:00,394 [INFO] --- [명령 실행: 복구] ---
2026-04-14 03:08:00,394 [INFO] 원래 상태로 복구 시도: (2565.0, 25.0, 530.0, 1895.0)
