2026-04-14 03:07:15,903 [INFO] 윈도우 리사이저 리스너 실행 중...
2026-04-14 03:07:15,904 [INFO] CLI 소켓 서버 시작됨 (127.0.0.1:9999)
2026-04-14 03:07:22,081 [INFO] [소켓 명령] 다음_디스플레이
2026-04-14 03:07:22,082 [INFO] --- [명령 실행: 다음_디스플레이] ---
2026-04-14 03:07:23,583 [INFO] [소켓 명령] 위쪽_절반
2026-04-14 03:07:23,583 [INFO] --- [명령 실행: 위쪽_절반] ---
2026-04-14 03:07:23,584 [INFO] 좌표 적용 시도: (2565, 5, 1070, 950) [모드: 위쪽_절반]
2026-04-14 03:07:25,089 [INFO] [소켓 명령] 좌상단_1/4
2026-04-14 03:07:25,090 [INFO] --- [명령 실행: 좌상단_1/4] ---
2026-04-14 03:07:25,096 [INFO] 좌표 적용 시도: (2565, 5, 530, 950) [모드: 좌상단_1/4]
2026-04-14 03:07:26,594 [INFO] [소켓 명령] 우하단_1/4
2026-04-14 03:07:26,594 [INFO] --- [명령 실행: 우하단_1/4] ---
2026-04-14 03:07:26,598 [INFO] 좌표 적용 시도: (3105, 965, 530, 950) [모드: 우하단_1/4]
2026-04-14 03:07:28,098 [INFO] [소켓 명령] 좌측_절반
2026-04-14 03:07:28,098 [INFO] --- [명령 실행: 좌측_절반] ---
2026-04-14 03:07:28,099 [INFO] 좌표 적용 시도: (2565, 5, 530, 1910) [모드: 좌측_절반]
2026-04-14 03:07:29,604 [INFO] [소켓 명령] 좌측_절반
2026-04-14 03:07:29,604 [INFO] --- [명령 실행: 좌측_절반] ---
2026-04-14 03:07:29,614 [INFO] 좌표 적용 시도: (2565, 5, 350, 1910) [모드: 좌측_1/3]
2026-04-14 03:07:31,108 [INFO] [소켓 명령] 좌측_절반
2026-04-14 03:07:31,108 [INFO] --- [명령 실행: 좌측_절반] ---
2026-04-14 03:07:31,110 [INFO] 좌표 적용 시도: (2565, 5, 530, 1910) [모드: 좌측_절반]
