2026-04-14 02:42:14,118 [INFO] 명령 서버 시작됨 (Port: 9999)
2026-04-14 02:42:14,122 [INFO] 단축키 리스너 시작됨
2026-04-14 02:42:22,101 [INFO] [네트워크 명령] 수신: 좌측_절반
2026-04-14 02:42:48,733 [INFO] 명령 서버 시작됨 (Port: 9999)
2026-04-14 02:42:48,741 [INFO] 단축키 리스너 시작됨
2026-04-14 02:42:56,729 [INFO] [네트워크 명령] 수신: 좌측_절반
2026-04-14 02:43:37,316 [INFO] 명령 서버 시작됨 (Port: 9999)
2026-04-14 02:43:37,342 [INFO] 단축키 리스너 시작됨
2026-04-14 02:43:45,250 [INFO] [네트워크 명령] 수신: 좌측_절반
2026-04-14 02:44:29,715 [INFO] 명령 서버 시작됨 (Port: 9999)
2026-04-14 02:44:29,740 [INFO] 단축키 리스너 시작됨
2026-04-14 02:44:37,656 [INFO] [네트워크 명령] 수신: 좌측_절반
2026-04-14 02:48:02,875 [INFO] 명령 서버 시작됨 (Port: 9999)
2026-04-14 02:48:02,884 [INFO] 단축키 리스너 시작됨
2026-04-14 02:50:01,249 [INFO] 명령 서버 시작됨 (Port: 9999)
2026-04-14 02:50:01,253 [INFO] 단축키 리스너 시작됨
2026-04-14 02:51:32,785 [INFO] 명령 서버 시작됨 (Port: 9999)
2026-04-14 02:51:32,810 [INFO] 단축키 리스너 시작됨
2026-04-14 02:53:16,950 [INFO] 네트워크 명령 서버 대기 중 (Port: 9999)
2026-04-14 02:53:16,974 [INFO] 단축키 리스너 시작됨 (등록된 키: ['<ctrl>+<alt>+<cmd>+<left>', '<ctrl>+<alt>+<cmd>+<right>', '<ctrl>+<alt>+<cmd>+<up>', '<ctrl>+<alt>+<cmd>+<down>', '<ctrl>+<alt>+<cmd>+c'])
2026-04-14 02:53:40,497 [INFO] 네트워크 명령 서버 대기 중 (Port: 9999)
2026-04-14 02:53:40,500 [INFO] 단축키 리스너 시작됨 (등록된 키: ['<ctrl>+<alt>+<cmd>+<left>', '<ctrl>+<alt>+<cmd>+<right>', '<ctrl>+<alt>+<cmd>+<up>', '<ctrl>+<alt>+<cmd>+<down>', '<ctrl>+<alt>+<cmd>+c'])
2026-04-14 02:55:33,229 [INFO] 네트워크 명령 서버 대기 중 (Port: 9999)
2026-04-14 02:55:33,233 [INFO] 단축키 리스너 시작됨 (등록된 키: ['<ctrl>+<alt>+<cmd>+<left>', '<ctrl>+<alt>+<cmd>+<right>', '<ctrl>+<alt>+<cmd>+<up>', '<ctrl>+<alt>+<cmd>+<down>', '<ctrl>+<alt>+<cmd>+c'])
2026-04-14 02:58:38,701 [INFO] 네트워크 명령 서버 대기 중 (Port: 9999)
2026-04-14 02:58:38,780 [INFO] 단축키 리스너 시작됨
